Mon Jul 31 2017 19:55:54 GMT+0530 (India Standard Time) url="/auth" method="GET" statusCode="200" delta="139" ip="::ffff:127.0.0.1"

Mon Jul 31 2017 23:37:59 GMT+0530 (India Standard Time) url="/auth" method="GET" statusCode="200" delta="80" ip="::1"

Mon Jul 31 2017 23:38:52 GMT+0530 (India Standard Time) url="/auth" method="GET" statusCode="200" delta="18" ip="::1"

Wed Aug 02 2017 06:34:38 GMT+0530 (India Standard Time) url="/auth" method="GET" statusCode="304" delta="120" ip="::1"

Wed Aug 02 2017 06:34:44 GMT+0530 (India Standard Time) url="/contest" method="GET" statusCode="200" delta="191" ip="::1"

Wed Aug 02 2017 06:34:47 GMT+0530 (India Standard Time) url="/questionPanel/595b63e8bf75420770f615cf" method="GET" statusCode="200" delta="278" ip="::1"

Wed Aug 02 2017 06:36:08 GMT+0530 (India Standard Time) url="/questionPanel/595b63e8bf75420770f615cf" method="GET" statusCode="304" delta="123" ip="::1"

Wed Aug 02 2017 06:37:00 GMT+0530 (India Standard Time) url="/questionPanel/595b63e8bf75420770f615cf" method="GET" statusCode="200" delta="111" ip="::1"

Wed Aug 02 2017 06:37:22 GMT+0530 (India Standard Time) url="/questionPanel/595b63e8bf75420770f615cf" method="GET" statusCode="304" delta="116" ip="::1"

Wed Aug 02 2017 06:37:58 GMT+0530 (India Standard Time) url="/questionPanel/595b63e8bf75420770f615cf" method="GET" statusCode="304" delta="110" ip="::1"

Wed Aug 02 2017 06:38:55 GMT+0530 (India Standard Time) url="/questionPanel/595b63e8bf75420770f615cf" method="GET" statusCode="200" delta="127" ip="::1"

Wed Aug 02 2017 06:39:08 GMT+0530 (India Standard Time) url="/questionPanel/595b63e8bf75420770f615cf" method="GET" statusCode="304" delta="44" ip="::1"

Wed Aug 02 2017 06:39:32 GMT+0530 (India Standard Time) url="/questionPanel/595b63e8bf75420770f615cf" method="GET" statusCode="200" delta="58" ip="::1"

Wed Aug 02 2017 06:39:46 GMT+0530 (India Standard Time) url="/questionPanel/595b63e8bf75420770f615cf" method="GET" statusCode="200" delta="54" ip="::1"

Wed Aug 02 2017 06:40:06 GMT+0530 (India Standard Time) url="/questionPanel/595b63e8bf75420770f615cf" method="GET" statusCode="200" delta="48" ip="::1"

Wed Aug 02 2017 06:40:22 GMT+0530 (India Standard Time) url="/questionPanel/595b63e8bf75420770f615cf" method="GET" statusCode="304" delta="43" ip="::1"

Wed Aug 02 2017 06:40:50 GMT+0530 (India Standard Time) url="/questionPanel/595b63e8bf75420770f615cf" method="GET" statusCode="200" delta="42" ip="::1"

Wed Aug 02 2017 06:41:59 GMT+0530 (India Standard Time) url="/questionPanel/595b63e8bf75420770f615cf" method="GET" statusCode="200" delta="44" ip="::1"

Wed Aug 02 2017 06:42:14 GMT+0530 (India Standard Time) url="/questionPanel/595b63e8bf75420770f615cf" method="GET" statusCode="304" delta="48" ip="::1"

Wed Aug 02 2017 06:54:14 GMT+0530 (India Standard Time) url="/questionPanel/595b63e8bf75420770f615cf" method="GET" statusCode="200" delta="89" ip="::1"

Wed Aug 02 2017 06:54:59 GMT+0530 (India Standard Time) url="/questionPanel/595b63e8bf75420770f615cf" method="GET" statusCode="304" delta="58" ip="::1"

Wed Aug 02 2017 10:53:14 GMT+0530 (India Standard Time) url="/contest" method="GET" statusCode="200" delta="88" ip="::1"

Wed Aug 02 2017 10:53:18 GMT+0530 (India Standard Time) url="/contest" method="GET" statusCode="304" delta="36" ip="::1"

Wed Aug 02 2017 10:54:12 GMT+0530 (India Standard Time) url="/logout" method="GET" statusCode="302" delta="6" ip="::1"

Wed Aug 02 2017 10:54:13 GMT+0530 (India Standard Time) url="/auth" method="GET" statusCode="200" delta="81" ip="::1"

Wed Aug 02 2017 10:54:16 GMT+0530 (India Standard Time) url="/contest" method="GET" statusCode="302" delta="4" ip="::1"

Wed Aug 02 2017 10:54:16 GMT+0530 (India Standard Time) url="/auth" method="GET" statusCode="200" delta="12" ip="::1"

Wed Aug 02 2017 10:54:26 GMT+0530 (India Standard Time) url="/contest" method="GET" statusCode="200" delta="15" ip="::1"

Wed Aug 02 2017 10:54:28 GMT+0530 (India Standard Time) url="/questionPanel/595b63e8bf75420770f615cf" method="GET" statusCode="304" delta="73" ip="::1"

Wed Aug 02 2017 10:55:01 GMT+0530 (India Standard Time) url="/questionPanel/595b63e8bf75420770f615cf" method="GET" statusCode="304" delta="76" ip="::1"

Wed Aug 02 2017 14:32:41 GMT+0530 (India Standard Time) url="/questionPanel/595b63e8bf75420770f615cf" method="GET" statusCode="302" delta="105" ip="::1"

Wed Aug 02 2017 14:32:42 GMT+0530 (India Standard Time) url="/auth" method="GET" statusCode="304" delta="174" ip="::1"

Wed Aug 02 2017 14:32:59 GMT+0530 (India Standard Time) url="/contest" method="GET" statusCode="304" delta="58" ip="::1"

Wed Aug 02 2017 14:33:01 GMT+0530 (India Standard Time) url="/questionPanel/595b63e8bf75420770f615cf" method="GET" statusCode="200" delta="207" ip="::1"

Wed Aug 02 2017 15:04:39 GMT+0530 (India Standard Time) url="/questionPanel/595b63e8bf75420770f615cf" method="GET" statusCode="302" delta="55" ip="::1"

Wed Aug 02 2017 15:04:39 GMT+0530 (India Standard Time) url="/auth" method="GET" statusCode="304" delta="52" ip="::1"

Wed Aug 02 2017 15:04:43 GMT+0530 (India Standard Time) url="/contest" method="GET" statusCode="304" delta="72" ip="::1"

Wed Aug 02 2017 15:04:46 GMT+0530 (India Standard Time) url="/questionPanel/595b63e8bf75420770f615cf" method="GET" statusCode="200" delta="189" ip="::1"

Wed Aug 02 2017 15:07:31 GMT+0530 (India Standard Time) url="/questionPanel/595b63e8bf75420770f615cf" method="GET" statusCode="302" delta="56" ip="::1"

Wed Aug 02 2017 15:07:31 GMT+0530 (India Standard Time) url="/auth" method="GET" statusCode="304" delta="55" ip="::1"

Wed Aug 02 2017 15:07:35 GMT+0530 (India Standard Time) url="/contest" method="GET" statusCode="304" delta="55" ip="::1"

Wed Aug 02 2017 15:07:36 GMT+0530 (India Standard Time) url="/questionPanel/595b63e8bf75420770f615cf" method="GET" statusCode="200" delta="182" ip="::1"

Wed Aug 02 2017 15:07:53 GMT+0530 (India Standard Time) url="/questionPanel/595b63e8bf75420770f615cf" method="GET" statusCode="304" delta="83" ip="::1"

Wed Aug 02 2017 15:10:33 GMT+0530 (India Standard Time) url="/questionPanel/595b63e8bf75420770f615cf" method="GET" statusCode="302" delta="54" ip="::1"

Wed Aug 02 2017 15:10:33 GMT+0530 (India Standard Time) url="/auth" method="GET" statusCode="304" delta="51" ip="::1"

Wed Aug 02 2017 15:10:41 GMT+0530 (India Standard Time) url="/contest" method="GET" statusCode="304" delta="70" ip="::1"

Wed Aug 02 2017 15:10:43 GMT+0530 (India Standard Time) url="/questionPanel/595b63e8bf75420770f615cf" method="GET" statusCode="200" delta="174" ip="::1"

Wed Aug 02 2017 15:11:09 GMT+0530 (India Standard Time) url="/questionPanel/595b63e8bf75420770f615cf" method="GET" statusCode="304" delta="90" ip="::1"

Wed Aug 02 2017 15:12:42 GMT+0530 (India Standard Time) url="/questionPanel/595b63e8bf75420770f615cf" method="GET" statusCode="302" delta="55" ip="::1"

Wed Aug 02 2017 15:12:42 GMT+0530 (India Standard Time) url="/auth" method="GET" statusCode="304" delta="52" ip="::1"

Wed Aug 02 2017 15:12:46 GMT+0530 (India Standard Time) url="/contest" method="GET" statusCode="304" delta="56" ip="::1"

Wed Aug 02 2017 15:12:48 GMT+0530 (India Standard Time) url="/questionPanel/595b63e8bf75420770f615cf" method="GET" statusCode="200" delta="195" ip="::1"

Wed Aug 02 2017 15:20:15 GMT+0530 (India Standard Time) url="/questionPanel/595b63e8bf75420770f615cf" method="GET" statusCode="302" delta="56" ip="::1"

Wed Aug 02 2017 15:20:15 GMT+0530 (India Standard Time) url="/auth" method="GET" statusCode="304" delta="53" ip="::1"

Wed Aug 02 2017 15:20:22 GMT+0530 (India Standard Time) url="/contest" method="GET" statusCode="304" delta="65" ip="::1"

Wed Aug 02 2017 15:20:25 GMT+0530 (India Standard Time) url="/questionPanel/595b63e8bf75420770f615cf" method="GET" statusCode="200" delta="184" ip="::1"

Wed Aug 02 2017 15:28:13 GMT+0530 (India Standard Time) url="/submit" method="POST" statusCode="302" delta="27" ip="::1"

Wed Aug 02 2017 15:28:13 GMT+0530 (India Standard Time) url="/auth" method="GET" statusCode="304" delta="53" ip="::1"

Wed Aug 02 2017 15:28:18 GMT+0530 (India Standard Time) url="/contest" method="GET" statusCode="304" delta="77" ip="::1"

Wed Aug 02 2017 15:28:20 GMT+0530 (India Standard Time) url="/questionPanel/595b63e8bf75420770f615cf" method="GET" statusCode="304" delta="190" ip="::1"

Wed Aug 02 2017 15:29:58 GMT+0530 (India Standard Time) url="/contest" method="GET" statusCode="304" delta="36" ip="::1"

Wed Aug 02 2017 15:30:03 GMT+0530 (India Standard Time) url="/questionPanel/595b63e8bf75420770f615cf" method="GET" statusCode="302" delta="74" ip="::1"

Wed Aug 02 2017 15:30:03 GMT+0530 (India Standard Time) url="/contest" method="GET" statusCode="200" delta="50" ip="::1"

Wed Aug 02 2017 19:38:05 GMT+0530 (India Standard Time) url="/auth" method="GET" statusCode="304" delta="52" ip="::1"

Wed Aug 02 2017 19:44:02 GMT+0530 (India Standard Time) url="/auth?redirect=/dashboard" method="GET" statusCode="200" delta="57" ip="::1"

Wed Aug 02 2017 19:56:07 GMT+0530 (India Standard Time) url="/auth?redirect=/dashboard" method="GET" statusCode="304" delta="65" ip="::1"

Wed Aug 02 2017 19:56:41 GMT+0530 (India Standard Time) url="/auth?redirect=/dashboard" method="GET" statusCode="200" delta="99" ip="::1"

Wed Aug 02 2017 19:57:02 GMT+0530 (India Standard Time) url="/auth" method="GET" statusCode="304" delta="53" ip="::1"

Wed Aug 02 2017 19:57:13 GMT+0530 (India Standard Time) url="/logout" method="GET" statusCode="302" delta="6" ip="::1"

Wed Aug 02 2017 19:57:13 GMT+0530 (India Standard Time) url="/auth" method="GET" statusCode="200" delta="9" ip="::1"

Wed Aug 02 2017 19:57:19 GMT+0530 (India Standard Time) url="/contest" method="GET" statusCode="302" delta="4" ip="::1"

Wed Aug 02 2017 19:57:19 GMT+0530 (India Standard Time) url="/auth" method="GET" statusCode="200" delta="25" ip="::1"

Wed Aug 02 2017 19:57:34 GMT+0530 (India Standard Time) url="/contest" method="GET" statusCode="302" delta="52" ip="::1"

Wed Aug 02 2017 19:57:34 GMT+0530 (India Standard Time) url="/auth" method="GET" statusCode="304" delta="51" ip="::1"

Wed Aug 02 2017 19:58:13 GMT+0530 (India Standard Time) url="/contest" method="GET" statusCode="302" delta="54" ip="::1"

Wed Aug 02 2017 19:58:13 GMT+0530 (India Standard Time) url="/auth" method="GET" statusCode="304" delta="53" ip="::1"

Wed Aug 02 2017 20:03:56 GMT+0530 (India Standard Time) url="/contest" method="GET" statusCode="302" delta="53" ip="::1"

Wed Aug 02 2017 20:03:56 GMT+0530 (India Standard Time) url="/auth" method="GET" statusCode="304" delta="54" ip="::1"

Wed Aug 02 2017 20:08:25 GMT+0530 (India Standard Time) url="/contest" method="GET" statusCode="302" delta="32" ip="::1"

Wed Aug 02 2017 20:08:25 GMT+0530 (India Standard Time) url="/auth" method="GET" statusCode="304" delta="47" ip="::1"

Wed Aug 02 2017 20:08:49 GMT+0530 (India Standard Time) url="/contest" method="GET" statusCode="302" delta="53" ip="::1"

Wed Aug 02 2017 20:08:49 GMT+0530 (India Standard Time) url="/auth" method="GET" statusCode="304" delta="48" ip="::1"

Wed Aug 02 2017 20:10:50 GMT+0530 (India Standard Time) url="/contest" method="GET" statusCode="302" delta="52" ip="::1"

Wed Aug 02 2017 20:10:50 GMT+0530 (India Standard Time) url="/auth" method="GET" statusCode="304" delta="52" ip="::1"

Wed Aug 02 2017 20:11:17 GMT+0530 (India Standard Time) url="/contest" method="GET" statusCode="302" delta="52" ip="::1"

Wed Aug 02 2017 20:11:17 GMT+0530 (India Standard Time) url="/auth" method="GET" statusCode="304" delta="53" ip="::1"

Wed Aug 02 2017 20:11:49 GMT+0530 (India Standard Time) url="/contest" method="GET" statusCode="302" delta="58" ip="::1"

Wed Aug 02 2017 20:11:49 GMT+0530 (India Standard Time) url="/auth" method="GET" statusCode="304" delta="49" ip="::1"

Wed Aug 02 2017 20:14:58 GMT+0530 (India Standard Time) url="/contest" method="GET" statusCode="302" delta="54" ip="::1"

Wed Aug 02 2017 20:14:58 GMT+0530 (India Standard Time) url="/auth" method="GET" statusCode="304" delta="50" ip="::1"

Wed Aug 02 2017 20:15:24 GMT+0530 (India Standard Time) url="/contest" method="GET" statusCode="302" delta="56" ip="::1"

Wed Aug 02 2017 20:15:24 GMT+0530 (India Standard Time) url="/auth" method="GET" statusCode="304" delta="58" ip="::1"

Wed Aug 02 2017 20:16:01 GMT+0530 (India Standard Time) url="/contest" method="GET" statusCode="302" delta="55" ip="::1"

Wed Aug 02 2017 20:16:01 GMT+0530 (India Standard Time) url="/auth" method="GET" statusCode="304" delta="50" ip="::1"

Wed Aug 02 2017 22:26:16 GMT+0530 (India Standard Time) url="/auth" method="GET" statusCode="304" delta="54" ip="::1"

Wed Aug 02 2017 22:26:18 GMT+0530 (India Standard Time) url="/auth" method="GET" statusCode="200" delta="11" ip="::1"

Wed Aug 02 2017 22:26:20 GMT+0530 (India Standard Time) url="/auth" method="GET" statusCode="304" delta="8" ip="::1"

Wed Aug 02 2017 22:27:21 GMT+0530 (India Standard Time) url="/auth" method="GET" statusCode="304" delta="77" ip="::1"

Wed Aug 02 2017 22:28:43 GMT+0530 (India Standard Time) url="/auth" method="GET" statusCode="200" delta="65" ip="::1"

Wed Aug 02 2017 22:28:56 GMT+0530 (India Standard Time) url="/logout" method="GET" statusCode="302" delta="6" ip="::1"

Wed Aug 02 2017 22:28:56 GMT+0530 (India Standard Time) url="/auth" method="GET" statusCode="200" delta="9" ip="::1"

Wed Aug 02 2017 22:29:01 GMT+0530 (India Standard Time) url="/contest" method="GET" statusCode="302" delta="3" ip="::1"

Wed Aug 02 2017 22:29:01 GMT+0530 (India Standard Time) url="/auth" method="GET" statusCode="200" delta="19" ip="::1"

Wed Aug 02 2017 22:29:47 GMT+0530 (India Standard Time) url="/auth" method="GET" statusCode="304" delta="53" ip="::1"

Wed Aug 02 2017 22:29:57 GMT+0530 (India Standard Time) url="/logout" method="GET" statusCode="302" delta="8" ip="::1"

Wed Aug 02 2017 22:29:57 GMT+0530 (India Standard Time) url="/auth" method="GET" statusCode="200" delta="12" ip="::1"

Wed Aug 02 2017 22:30:01 GMT+0530 (India Standard Time) url="/contest" method="GET" statusCode="302" delta="5" ip="::1"

Wed Aug 02 2017 22:30:01 GMT+0530 (India Standard Time) url="/auth" method="GET" statusCode="200" delta="22" ip="::1"

Wed Aug 02 2017 22:30:04 GMT+0530 (India Standard Time) url="/contest" method="GET" statusCode="200" delta="41" ip="::1"

Wed Aug 02 2017 22:30:26 GMT+0530 (India Standard Time) url="/contest" method="GET" statusCode="304" delta="55" ip="::1"

Wed Aug 02 2017 22:30:30 GMT+0530 (India Standard Time) url="/viewSolution/594f45f59c5ef90ba44215ae" method="GET" statusCode="302" delta="5" ip="::1"

Wed Aug 02 2017 22:30:32 GMT+0530 (India Standard Time) url="/contest" method="GET" statusCode="304" delta="29" ip="::1"

Wed Aug 02 2017 22:30:32 GMT+0530 (India Standard Time) url="/contest" method="GET" statusCode="200" delta="19" ip="::1"

Wed Aug 02 2017 22:30:35 GMT+0530 (India Standard Time) url="/questionPanel/595b63e8bf75420770f615cf" method="GET" statusCode="302" delta="175" ip="::1"

Wed Aug 02 2017 22:30:35 GMT+0530 (India Standard Time) url="/contest" method="GET" statusCode="200" delta="45" ip="::1"

Wed Aug 02 2017 22:30:45 GMT+0530 (India Standard Time) url="/logout" method="GET" statusCode="302" delta="5" ip="::1"

Wed Aug 02 2017 22:30:45 GMT+0530 (India Standard Time) url="/auth" method="GET" statusCode="200" delta="13" ip="::1"

Wed Aug 02 2017 22:30:51 GMT+0530 (India Standard Time) url="/logout" method="GET" statusCode="302" delta="3" ip="::1"

Wed Aug 02 2017 22:30:51 GMT+0530 (India Standard Time) url="/auth" method="GET" statusCode="304" delta="8" ip="::1"

Wed Aug 02 2017 22:31:01 GMT+0530 (India Standard Time) url="/logout" method="GET" statusCode="302" delta="3" ip="::1"

Wed Aug 02 2017 22:31:01 GMT+0530 (India Standard Time) url="/auth" method="GET" statusCode="304" delta="11" ip="::1"

Wed Aug 02 2017 22:31:44 GMT+0530 (India Standard Time) url="/auth" method="GET" statusCode="304" delta="71" ip="::1"

Wed Aug 02 2017 22:33:37 GMT+0530 (India Standard Time) url="/auth" method="GET" statusCode="304" delta="70" ip="::1"

Wed Aug 02 2017 22:33:46 GMT+0530 (India Standard Time) url="/logout" method="GET" statusCode="302" delta="4" ip="::1"

Wed Aug 02 2017 22:33:46 GMT+0530 (India Standard Time) url="/auth" method="GET" statusCode="304" delta="13" ip="::1"

Wed Aug 02 2017 22:33:51 GMT+0530 (India Standard Time) url="/logout" method="GET" statusCode="302" delta="3" ip="::1"

Wed Aug 02 2017 22:33:51 GMT+0530 (India Standard Time) url="/auth" method="GET" statusCode="304" delta="7" ip="::1"

Wed Aug 02 2017 22:34:07 GMT+0530 (India Standard Time) url="/contest" method="GET" statusCode="302" delta="7" ip="::1"

Wed Aug 02 2017 22:34:07 GMT+0530 (India Standard Time) url="/auth" method="GET" statusCode="200" delta="18" ip="::1"

Wed Aug 02 2017 22:34:15 GMT+0530 (India Standard Time) url="/logout" method="GET" statusCode="302" delta="4" ip="::1"

Wed Aug 02 2017 22:34:15 GMT+0530 (India Standard Time) url="/auth" method="GET" statusCode="200" delta="9" ip="::1"

Wed Aug 02 2017 22:34:19 GMT+0530 (India Standard Time) url="/contest" method="GET" statusCode="302" delta="5" ip="::1"

Wed Aug 02 2017 22:34:19 GMT+0530 (India Standard Time) url="/auth" method="GET" statusCode="200" delta="11" ip="::1"

Wed Aug 02 2017 22:35:05 GMT+0530 (India Standard Time) url="/contest" method="GET" statusCode="302" delta="57" ip="::1"

Wed Aug 02 2017 22:35:05 GMT+0530 (India Standard Time) url="/auth" method="GET" statusCode="304" delta="51" ip="::1"

Wed Aug 02 2017 22:36:02 GMT+0530 (India Standard Time) url="/contest" method="GET" statusCode="302" delta="62" ip="::1"

Wed Aug 02 2017 22:36:02 GMT+0530 (India Standard Time) url="/auth" method="GET" statusCode="304" delta="58" ip="::1"

Wed Aug 02 2017 22:36:35 GMT+0530 (India Standard Time) url="/contest" method="GET" statusCode="302" delta="52" ip="::1"

Wed Aug 02 2017 22:36:35 GMT+0530 (India Standard Time) url="/auth" method="GET" statusCode="304" delta="50" ip="::1"

Wed Aug 02 2017 22:36:37 GMT+0530 (India Standard Time) url="/contest" method="GET" statusCode="200" delta="48" ip="::1"

Wed Aug 02 2017 22:36:44 GMT+0530 (India Standard Time) url="/logout" method="GET" statusCode="302" delta="7" ip="::1"

Wed Aug 02 2017 22:36:44 GMT+0530 (India Standard Time) url="/auth" method="GET" statusCode="200" delta="39" ip="::1"

Wed Aug 02 2017 22:36:46 GMT+0530 (India Standard Time) url="/logout" method="GET" statusCode="302" delta="4" ip="::1"

Wed Aug 02 2017 22:36:46 GMT+0530 (India Standard Time) url="/auth" method="GET" statusCode="304" delta="13" ip="::1"

Wed Aug 02 2017 22:40:08 GMT+0530 (India Standard Time) url="/auth" method="GET" statusCode="304" delta="72" ip="::1"

Wed Aug 02 2017 22:41:07 GMT+0530 (India Standard Time) url="/auth" method="GET" statusCode="304" delta="79" ip="::1"

Wed Aug 02 2017 22:41:11 GMT+0530 (India Standard Time) url="/auth" method="GET" statusCode="304" delta="17" ip="::1"

Wed Aug 02 2017 22:41:39 GMT+0530 (India Standard Time) url="/auth" method="GET" statusCode="304" delta="89" ip="::1"

Wed Aug 02 2017 22:42:00 GMT+0530 (India Standard Time) url="/logout" method="GET" statusCode="302" delta="5" ip="::1"

Wed Aug 02 2017 22:42:00 GMT+0530 (India Standard Time) url="/auth" method="GET" statusCode="304" delta="11" ip="::1"

Wed Aug 02 2017 22:43:08 GMT+0530 (India Standard Time) url="/contest" method="GET" statusCode="302" delta="53" ip="::1"

Wed Aug 02 2017 22:43:08 GMT+0530 (India Standard Time) url="/auth" method="GET" statusCode="200" delta="50" ip="::1"

Wed Aug 02 2017 22:43:10 GMT+0530 (India Standard Time) url="/contest" method="GET" statusCode="200" delta="47" ip="::1"

Wed Aug 02 2017 22:43:15 GMT+0530 (India Standard Time) url="/logout" method="GET" statusCode="302" delta="22" ip="::1"

Wed Aug 02 2017 22:43:15 GMT+0530 (India Standard Time) url="/auth" method="GET" statusCode="200" delta="39" ip="::1"

Wed Aug 02 2017 22:43:21 GMT+0530 (India Standard Time) url="/contest" method="GET" statusCode="304" delta="39" ip="::1"

Wed Aug 02 2017 22:43:24 GMT+0530 (India Standard Time) url="/logout" method="GET" statusCode="302" delta="2" ip="::1"

Wed Aug 02 2017 22:43:24 GMT+0530 (India Standard Time) url="/auth" method="GET" statusCode="304" delta="7" ip="::1"

Wed Aug 02 2017 22:45:24 GMT+0530 (India Standard Time) url="/auth" method="GET" statusCode="200" delta="69" ip="::1"

Wed Aug 02 2017 22:45:29 GMT+0530 (India Standard Time) url="/contest" method="GET" statusCode="304" delta="61" ip="::1"

Wed Aug 02 2017 22:45:39 GMT+0530 (India Standard Time) url="/contest" method="GET" statusCode="302" delta="58" ip="::1"

Wed Aug 02 2017 22:45:40 GMT+0530 (India Standard Time) url="/auth" method="GET" statusCode="304" delta="56" ip="::1"

Wed Aug 02 2017 22:46:32 GMT+0530 (India Standard Time) url="/contest" method="GET" statusCode="302" delta="55" ip="::1"

Wed Aug 02 2017 22:46:32 GMT+0530 (India Standard Time) url="/auth" method="GET" statusCode="304" delta="49" ip="::1"

Wed Aug 02 2017 22:46:34 GMT+0530 (India Standard Time) url="/contest" method="GET" statusCode="200" delta="48" ip="::1"

Wed Aug 02 2017 22:46:38 GMT+0530 (India Standard Time) url="/logout" method="GET" statusCode="302" delta="3" ip="::1"

Wed Aug 02 2017 22:46:38 GMT+0530 (India Standard Time) url="/auth" method="GET" statusCode="200" delta="18" ip="::1"

